a
aardvark
aardvarks
abandon
abandoned
abandoning
abandons
abbreviated
abbreviation
abbreviations
abhorrent
abilities
ability
able
abnormal
abnormally
abolish
abolished
abominated
abort
aborted
abortion
abortions
abound
abounded
about
above
abroad
abrogation
absence
absent
absentee
absenteeism
absolute
absolutely
absorb
absorbed
abstract
abstracting
abstraction
abstractions
abstractly
abstracts
abstruse
abundantly
abuse
abysmal
academic
academically
academician
academics
accelerate
accelerated
acceleration
accelerations
accents
accept
acceptability
acceptable
acceptably
acceptance
acceptances
accepted
accepting
accepts
access
accessed
accesses
accessible
accessing
accession
accessions
accessory
accident
accidental
accidentally
accidently
accidents
accommodate
accommodated
accommodating
accommodation
accompany
accompanying
accomplish
accomplished
accomplishing
accomplishment
accomplishments
accord
accordance
accorded
according
accordingly
accords
account
accountability
accountable
accountancy
accountants
accounted
accounting
accounts
accrue
accumulate
accumulated
accumulates
accumulating
accumulation
accumulator
accuracy
accurate
accurately
accused
accustomed
achievable
achieve
achieved
achievement
achieves
achieving
acknowledge
acknowledged
acknowledgement
acknowledgements
acknowledging
acknowledgment
acknowledgments
acquaintance
acquainted
acquire
acquired
acquires
acquiring
acquisition
acquitted
acre
acronym
across
act
acted
acting
action
actions
activate
activated
activates
activating
activation
activations
active
actively
activities
activity
actor
actors
acts
actual
actualisation
actuality
actually
actuate
actuated
acute
acutely
adapt
adaptable
adaptation
adapted
adapting
adaption
adaptive
add
added
addict
addicts
adding
addition
additional
additionally
additions
additive
address
addressable
addressed
addresses
addressing
adds
adequacy
adequate
adequately
adhere
adherence
adherents
adhesives
adjacent
adjoining
adjudged
adjunct
adjuncts
adjust
adjustable
adjusted
adjusting
adjustment
adjustments
administer
administered
administering
administrate
administrated
administration
administrative
administrator
administrators
admirable
admiration
admit
admits
admitted
admittedly
admitting
adolescent
adolescents
adopt
adopted
adopting
adoption
adult
adults
advance
advanced
advancement
advances
advancing
advantage
advantageous
advantageously
advantages
advent
adversary
adverse
adversely
advertise
advertised
advertisements
advice
advisable
advise
advised
advisers
advising
advisors
advisory
advocate
advocates
aerial
aeroplanes
aerosol
aerospace
aesthetic
aesthetically
affairs
affect
affected
affecting
affective
affects
affiliations
affinity
affirm
affirmation
affirmative
affirmed
affixed
afflicted
affliction
afford
afforded
affords
aforementioned
afraid
after
afternoon
afternoons
afterthought
afterwards
again
against
age
aged
agencies
agency
agent
agents
ages
aggravated
aggregate
aggregated
aggregates
aggression
aggressive
aggressively
ago
agony
agree
agreeable
agreed
agreement
agreements
agrees
ahead
aid
aide
aided
aids
ailments
aim
aimed
aiming
aims
ain't
air
airports
airship
alarm
alarming
albeit
alchemical
alert
alerting
algebra
algebraic
algebraically
algol
algorithm
algorithmic
algorithms
align
aligned
aligning
alignment
alike
alive
all
alleviate
alleviated
alleviates
alley
allied
allocate
allocated
allocates
allocating
allocation
allocations
allotment
allow
allowable
allowance
allowed
allowing
allows
alluded
allusions
almost
alone
along
alongside
alpha
alphabet
alphabetic
alphabetical
alphabetically
alphabets
alphameric
alphamerics
alphanumeric
already
alright
also
alter
alteration
alterations
altered
altering
alternate
alternates
alternating
alternation
alternative
alternatively
alternatives
alters
although
altogether
always
am
amazing
amazingly
amber
ambience
ambiguities
ambiguity
ambiguous
ambitious
ambivalent
amenable
amended
america
american
americans
ammendments
among
amongst
amorphous
amortised
amount
amounts
amplification
amplifications
amplified
amplifier
amplifies
amplify
amplitude
an
anachronisms
analog
analogous
analogue
analogues
analogy
analyse
analysed
analyser
analysers
analyses
analysing
analysis
analyst
analysts
analytic
analytical
analyze
analyzed
analyzer
analyzing
anatomically
ancestor
anchovy
ancient
ancillary
and
anger
angle
angles
anguish
angular
animal
animals
animation
annihilation
annotated
announce
announced
announcements
announces
announcing
annoyed
annoying
annual
annually
annum
anode
anodes
anomalous
anon
anonymity
anonymous
anonymously
another
answer
answered
answering
answers
antagonise
antagonist
antagonistic
anthology
anthropologists
anthropology
anti
anticipate
anticipated
antique
antiquity
antisocial
antithesis
antithetical
ants
anxieties
anxiety
anxious
any
anybody
anyone
anything
anyway
anywhere
apace
apart
apartment
apologies
apologise
apology
apparatus
apparent
apparently
appeal
appealing
appeals
appear
appearance
appeared
appearing
appears
append
appended
appendices
appending
appendix
appends
appetites
apple
apples
appliances
applicability
applicable
applicant
applicants
application
applications
applicative
applied
applies
apply
applying
appointed
appointment
appoints
appraisals
appreciate
appreciated
apprehensive
apprentice
approach
approached
approaches
approaching
appropriate
appropriately
appropriateness
approval
approvals
approve
approved
approximate
approximated
approximately
approximation
appurtenances
april
aptly
arabic
arbitrarily
arbitrariness
arbitrary
arch
archaic
archetypal
archetype
architecture
architectures
archival
archive
archived
archives
archiving
arduous
are
area
areas
aren't
argent
arguable
argue
argued
argues
arguing
argument
arguments
arise
arisen
arises
arising
aristotle
arithmetic
arithmetical
arm
armed
army
arose
around
arouse
arrange
arranged
arrangement
arrangements
arranges
arranging
array
arrays
arrested
arrival
arrive
arrived
arrives
arriving
arrow
arrowed
art
article
articles
artificial
artificially
artist
artistic
arts
as
ascending
ascertain
ascertained
ascii
ascribed
ashamed
ashes
aside
ask
asked
asking
asks
asleep
aspect
aspects
aspiring
assemblage
assemble
assembled
assembler
assemblers
assembling
assembly
assert
assertion
assess
assessed
assessing
assessment
asset
assets
assign
assignable
assigned
assigning
assignment
assignments
assigns
assimilate
assimilated
assimilating
assist
assistance
assistant
assistants
assisted
associate
associated
associates
associating
association
associations
associative
associatively
assume
assumed
assumes
assuming
assumption
assumptions
assurance
assurances
assure
assured
assures
asterisk
asterisks
asymmetric
asymmetry
asynchronous
at
atlas
atmosphere
atmospheric
atom
atomic
atoms
attach
attached
attaches
attaching
attachment
attack
attain
attainable
attaining
attempt
attempted
attempting
attempts
attend
attendance
attendant
attended
attending
attention
attenuation
attest
attitude
attitudes
attorney
attract
attracted
attraction
attractive
attractively
attractiveness
attributable
attribute
attributed
attributes
audible
audibly
audience
audiences
audio
audit
augment
augmentation
augmented
augmenting
august
australian
austrian
authenticity
author
authored
authorisation
authorised
authorities
authority
authorization
authorizations
authorize
authorized
authorizing
authors
auto
autocode
automate
automated
automatic
automatically
automating
automation
autonomous
autonomously
autonomy
auxiliary
avail
availability
available
avenues
average
averaged
averages
averaging
avoid
avoidable
avoidance
avoided
avoiding
avoids
await
awaiting
awaits
awake
awaken
awakened
award
awarded
awards
aware
awareness
away
awed
awesome
awful
awfully
awkward
awoken
axes
axiomatic
axioms
axis
b
back
backbone
backed
background
backgrounds
backing
backslash
backspace
backspaced
backspaces
backspacing
backtrack
backtracking
backtracks
backup
backward
backwards
bacon
bad
baddies
badly
bag
bags
bake
baked
baker
balance
balanced
balancing
ball
band
bandwidth
bang
bank
banking
banks
bantam
bar
barbiturates
bare
barefoot
barrier
barring
bars
base
based
basements
bases
basic
basically
basis
bassoon
bastard
batch
battery
battle
baud
bcpl
be
bead
beam
beans
bear
bearer
bearing
bears
beat
beaten
beauty
became
because
become
becomes
becoming
bed
bedrooms
beds
bedside
been
before
began
begin
beginning
begins
beguilingly
begun
behalf
behave
behaves
behavior
behavioral
behaviour
behaviourists
behaviours
behind
behold
being
beings
belabour
belated
belief
beliefs
believe
believed
believer
believes
believing
bell
bells
belong
belonging
belongings
belongs
below
bemoaning
beneath
beneficial
benefit
benefits
benevolent
bent
berlin
beside
besides
best
bet
beta
betray
bets
better
betterment
between
beware
bewildering
beyond
bias
biased
biassed
biblical
bibliographies
bibliography
big
bigger
biggest
bigotry
bill
billed
billing
bills
binary
binding
bindings
biography
birds
birth
births
bit
bits
bitten
bizarre
black
blackboard
blame
blank
blanked
blanking
blankly
blanks
blasphemous
blasphemy
blatant
bleak
blending
blessing
blindly
blinking
bliss
blob
blobs
block
blocked
blocking
blocks
blood
blooded
bloodshed
blow
blower
blowing
blown
blue
blushes
board
boards
bob
bodies
body
bogged
boil
boils
bold
bolster
bombing
bombs
bond
bonds
bones
book
booklets
books
boolean
boondoggling
bootstrap
border
bore
boring
born
borne
borough
borrow
borrowed
both
bother
bottle
bottom
bottomost
bottoms
bought
bounce
bound
boundaries
boundary
bounded
bounds
bowdlerised
box
boxes
boy
boyfriend
brace
braces
bracket
bracketed
bracketing
brackets
brain
branch
branches
branching
brand
brands
bread
breadth
break
breakdown
breaker
breakers
breakfast
breaking
breaks
breasts
breath
brevity
brew
brewing
bridge
brief
briefed
briefing
briefly
bright
brightest
brightness
brimstone
bring
bringing
brings
britain
british
broad
broadcast
broadcasting
broadened
broader
broadest
broadly
broken
brothers
brought
browbeating
brown
browsing
brutally
brutes
bubble
buddhists
budding
budget
budgetary
budgets
buffer
buffered
buffering
buffers
bug
bugs
build
building
buildings
builds
built
bulbs
bulk
bulky
bullet
bum
bunch
bundling
bunkers
burden
burdened
bureau
bureaucracy
bureaucratic
buried
burn
burning
burroughs
burst
bursts
bus
buses
business
businesses
busy
but
butter
buttered
button
buy
buyer
buying
buys
by
bye
bypass
bypassing
byte
bytes
c
cabinet
cabinets
cable
cabling
cache
cafeteria
cafeterias
cakes
calculable
calculate
calculated
calculates
calculating
calculation
calculations
calculator
calculus
calendar
caliber
calibrated
calibrates
calibration
california
call
called
caller
calling
calls
cambridge
came
camera
camouflaged
campaign
campus
can
can't
canals
cancelled
cancelling
cancels
cancerous
candidate
candidates
cannot
cantatas
capabilites
capabilities
capability
capable
capacities
capacitor
capacitors
capacity
capital
capitalization
capitalize
capitalized
capitals
capture
captured
car
card
cards
care
cared
career
carefree
careful
carefully
caring
carl
carpenter
carpet
carriage
carried
carrier
carriers
carries
carrot
carrots
carry
carrying
carryng
cars
cart
cartoons
cartridge
cartridges
case
cases
cashless
casserole
cassette
cassettes
cast
casual
casually
cat
catalog
catalogs
catalogue
catastrophe
catastrophes
catastrophic
catch
catches
categories
categorise
categorised
categorises
category
cater
catered
catering
caters
cathode
cathodes
catholic
caught
causal
cause
caused
causes
causing
cautioned
cautious
caveat
cavern
caves
cdc
cease
ceases
ceiling
ceilings
celery
cell
cells
censured
census
cent
center
centered
centers
central
centralised
centralising
centrally
centre
centred
centres
centring
centuries
century
ceremonies
ceremony
certain
certainly
certainty
certificate
certified
chain
chained
chaining
chains
chair
chairman
chairmanship
chairmen
challenge
challenged
challenging
champion
chance
chancellor
chancellors
chances
change
changed
changes
changing
channel
channels
chaos
chap
chaplaincy
chapter
chapters
character
characterisation
characterise
characterised
characterises
characterising
characteristic
characteristics
characterize
characterized
characterizes
characters
charge
chargeable
charged
charges
charging
chart
charter
chartered
charts
chase
chasing
chasm
chaste
chastity
chattily
cheap
cheaper
cheapest
cheaply
check
checked
checking
checks
checksum
checksums
cheese
chemical
chemicals
chemistry
cherished
chicken
chief
chiefly
chiefs
child
childhood
children
chip
chips
chisel
chocolates
choice
choices
choir
choose
chooses
choosing
chop
chopping
chops
choral
chords
chorus
chose
chosen
christ
christian
chronic
chronicled
chronological
chronologically
chronometric
chunk
chunks
church
chutney
cigarette
circle
circles
circuit
circuitry
circuits
circular
circularities
circularity
circulation
circumstance
circumstances
citation
cited
cites
cities
citing
citizens
city
civil
civilisations
civilized
claim
claimed
claiming
claims
clarified
clarifies
clarify
clarity
clash
clashes
class
classes
classic
classical
classifiable
classification
classifications
classified
classify
clause
clauses
clay
clean
cleaner
cleaning
cleanliness
clear
clearance
cleared
clearer
clearest
clearing
clearly
clears
clerical
clerk
clerks
clever
cleverly
cliches
client
clientele
clients
cliff
cliffs
climate
climb
climbed
climbing
climbs
clinic
clinical
clinician
clinicians
clipped
clobber
clobbered
clobbers
clock
clocked
clockwise
close
closed
closely
closeness
closer
closes
closest
closing
closure
closures
cloth
club
clue
clues
clumsy
cluster
clustered
clustering
clusterings
clusters
clutter
coal
coalesce
coalesced
coalesces
coarse
coarsely
coarser
coast
coaxial
cobble
cobbled
cobol
cocks
code
coded
coder
codes
codifying
coding
coefficient
coefficients
coerced
coffee
cognitive
coherency
coherent
coincide
coincidence
coincident
coincidental
cold
collaboration
collaborative
collapse
collapsed
collapsing
collated
collation
colleague
colleagues
collect
collected
collecting
collection
collections
collective
collectively
collector
collects
college
colleges
collide
collides
collision
collisions
colloquial
colloquialism
colloquium
collusion
colon
colony
colour
coloured
colourfully
colours
column
columns
combat
combination
combinations
combinatorial
combine
combined
combines
combining
come
comes
comfortable
comfortably
coming
comma
command
commanding
commands
commas
commence
commences
commencing
commend
commensurate
comment
commentators
commented
comments
commerce
commercial
commercially
commissioned
commissioning
commit
commitment
commitments
commits
committed
committee
committees
committing
common
commonality
commoner
commonly
commonplace
communal
commune
communes
communicant
communicants
communicate
communicated
communicates
communicating
communication
communications
communicator
communist
communities
community
commutative
compact
compacting
compaction
companies
companion
companions
company
comparability
comparable
comparative
comparatively
compare
compared
compares
comparing
comparison
comparisons
compatability
compatibility
compatible
compel
compelled
compelling
compensate
compensating
compensation
compensatory
compete
competence
competency
competent
competently
competes
competing
competition
competitive
competitors
compilation
compilations
compile
compiled
compiler
compilers
compiles
compiling
complacency
complain
complained
complains
complaint
complaints
complement
complementary
complements
complete
completed
completely
completeness
completes
completing
completion
complex
complexes
complexities
complexity
compliance
complicate
complicated
complicates
complicating
complication
complications
complied
complies
comply
component
components
compose
composed
composer
composite
composition
compositions
compound
compounded
comprehend
comprehended
comprehending
comprehensible
comprehension
comprehensive
compress
compressed
compression
comprise
comprised
comprises
comprising
compromise
compromised
compromises
compromising
compulsive
computation
computational
computationally
computations
compute
computed
computer
computerisation
computerised
computerized
computers
computes
computing
concatenate
concatenated
concatenation
conceal
concealing
conceivable
conceivably
conceive
conceived
conceives
concentrate
concentrated
concentrates
concentrating
concentration
concept
conceptions
concepts
conceptual
conceptualised
conceptually
concern
concerned
concerning
concerns
concerted
concerts
concessions
concise
conciseness
conclude
concluded
concludes
conclusion
conclusions
concomitant
concrete
concurrency
concurrent
concurrently
concurs
condemnation
condensation
condensed
condition
conditional
conditionally
conditionals
conditioned
conditioning
conditions
conducive
conduct
conducted
conductivity
conductor
conductors
conduit
confer
conference
conferences
conferencing
conferred
confers
confess
confessed
confidence
confidences
confident
confidential
confidentiality
configuration
configurations
configure
configured
configuring
confine
confined
confines
confining
confirm
confirmation
confirmations
confirmed
confirms
conflict
conflicting
conflicts
conform
conformable
conforming
conformity
conforms
confound
confounded
confounding
confront
confronted
confronts
confuse
confused
confusing
confusion
confusions
congress
congruent
conjecture
conjectured
conjectures
conjuction
conjunction
connect
connected
connecting
connection
connections
connectives
connector
connectors
connects
connexion
connexions
conquer
conscience
conscious
consciously
consciousness
consecutive
consecutively
consent
consented
consenting
consequence
consequences
consequent
consequently
conservation
conservatism
consider
considerable
considerably
considerate
consideration
considerations
considered
considering
considers
consist
consisted
consistency
consistent
consistently
consisting
consists
console
consolidated
consolidation
consolidator
constant
constantly
constants
constituent
constituents
constitute
constitutes
constituting
constitutional
constrain
constrained
constraining
constraint
constraints
constriction
construct
constructed
constructing
construction
constructions
constructive
constructs
consult
consultancy
consultant
consultants
consultation
consulted
consulting
consults
consumable
consumables
consume
consumed
consumer
consumers
consuming
consumption
contact
contacted
contacts
contagion
contagious
contain
contained
container
containers
containing
containment
contains
contemplate
contemplated
contemplating
contemporary
contend
contenders
content
contention
contentious
contents
context
contexts
contextual
contiguous
contiguously
continual
continually
continuation
continue
continued
continues
continuing
continuity
continuous
continuously
continuum
contorted
contour
contract
contracted
contractions
contractor
contracts
contractual
contradicting
contradiction
contradictions
contrary
contrast
contrasted
contravened
contravenes
contribute
contributed
contributes
contributing
contribution
contributions
control
controllable
controlled
controller
controllers
controlling
controls
controversial
convenience
convenient
conveniently
convention
conventional
conventionally
conventions
converged
convergence
converging
conversant
conversation
conversational
conversations
converse
conversely
conversion
conversions
convert
converted
converter
convertibility
converting
converts
convey
conveyed
conveying
convicted
conviction
convince
convinced
convincing
convincingly
convoluted
cooked
cooker
cooking
cool
cooperate
cooperates
cooperating
cooperation
cooperative
cooperators
coordinate
coordinated
coordinates
coordinating
coordination
cope
copied
copies
coping
coplanar
copy
copying
copyright
coral
core
corner
corners
cornerstone
corollary
coroutine
coroutines
corporate
corporation
corporations
corpse
correct
corrected
correcting
correction
corrections
corrective
correctly
correctness
corrects
correlate
correlated
correlates
correlating
correlation
correlational
correlations
correspond
corresponded
correspondence
correspondences
correspondents
corresponding
correspondingly
corresponds
corridor
corrupt
corrupted
corrupting
corruption
cosines
cost
costing
costly
costs
couched
could
couldn't
council
councils
counselling
counsellor
counsellors
count
counted
counter
counteract
counterparts
counters
counting
countless
countries
country
countryside
counts
couple
coupled
couples
coupling
courage
courier
course
courses
coursework
court
courtesy
courting
courts
cousins
cover
coverage
covered
covering
covers
cradle
crafted
crafty
crashes
cream
creamy
create
created
creates
creating
creation
creative
creativeness
creator
credit
crime
criminal
criminals
crippling
crisis
criteria
criterion
critical
critically
criticise
criticism
criticisms
criticize
criticized
critics
crop
crops
cross
crosses
crossovers
crosswords
crowded
crucial
crucially
crucified
crude
cruel
cruise
crumbs
crunchers
crunching
crush
crushed
cryptic
crystal
cubes
cubic
cucumber
cues
culminating
cultural
culture
cultures
cumbersome
cunning
curbed
curbing
cure
cures
curiosity
curly
currencies
currency
current
currently
curriculum
curries
curry
cursive
cursor
cursory
curvature
curve
curves
cushions
custody
customer
customers
cut
cutoff
cuts
cutting
cycle
cycles
cyclic
cyclically
cycling
cynics
d
dabbled
daemon
daily
dallas
dam
damage
damaged
damages
damaging
damning
damp
damping
damsel
dancing
danger
dangerous
dangers
dangling
dares
daring
dark
darkest
dashed
data
database
databases
date
dated
dates
dating
datum
daughter
daughters
dawn
dawning
day
days
daytime
dead
deadlines
deadlock
deadlocks
deadly
deaf
deal
dealing
deallocating
deallocation
deals
dealt
dear
dearly
death
deaths
debate
debates
debiting
debug
debuggable
debugged
debugger
debuggers
debugging
decade
decades
decay
deceleration
decelerations
december
decent
deceptive
decidable
decide
decided
decides
deciding
decimal
decipherable
decision
decisions
deck
decks
declaration
declarations
declarative
declare
declared
declares
declaring
decline
declining
decode
decoded
decoder
decodes
decoding
decompiled
decompose
decomposition
decrease
decreased
decreases
decreasing
decree
decrement
decremented
decrementing
decrements
dedicate
dedicated
dedication
deduce
deduced
deduction
deeds
deemed
deep
deeper
deeply
default
defaulted
defaults
defeat
defeats
defect
defective
defects
defence
defend
defendant
defendants
defenders
defense
defenses
defensible
defer
deferentially
deferred
deferring
deficiencies
deficiency
deficient
define
defined
definers
defines
defining
definite
definitely
definition
definitions
definitive
deflections
deformation
deformations
deformed
defy
degenerate
degenerates
degeneration
degradation
degrade
degraded
degrading
degree
degrees
dehumanising
deities
delay
delayed
delaying
delays
delegate
delegated
delegates
delete
deleted
deletes
deleting
deletion
deletions
deliberate
deliberately
deliberation
delighted
delightful
delimited
delimiter
delimiters
delimiting
deliver
deliverable
delivered
delivers
delivery
delta
deltoid
deluxe
delve
demand
demanded
demanding
demands
demarcated
demise
democratic
demonstrably
demonstrate
demonstrated
demonstrates
demonstrating
demonstration
demonstrations
demonstrator
demoralising
demounting
demystified
demystify
denial
denied
denizens
denotation
denotations
denote
denoted
denotes
denoting
density
deny
denying
department
departmental
departments
departs
departure
departures
depend
depended
dependence
dependencies
dependency
dependent
depending
depends
depicted
depictions
depicts
depleted
deplorable
deplore
deployment
deposit
deposited
deposition
deposits
deprecate
depreciate
depreciation
depress
depressed
depressingly
depression
depressions
depriving
depth
derivation
derivations
derivatives
derive
derived
derives
deriving
descendant
descendants
descended
descenders
descending
descent
describe
described
describes
describing
description
descriptions
descriptive
descriptor
descriptors
desert
deserve
deserved
deserves
deserving
design
designate
designated
designating
designation
designed
designer
designers
designing
designs
desirability
desirable
desire
desired
desires
desiring
desk
desks
desolate
despair
despatch
desperate
desperately
despite
destination
destinations
destroy
destroyed
destroying
destroys
destruction
destructive
destructively
detach
detail
detailed
detailing
details
detain
detect
detectable
detected
detecting
detection
detector
detects
deteriorate
determinable
determination
determine
determined
determines
determining
determinism
deterministic
deterministically
detract
detracts
detriment
detrimental
devastating
develop
developed
developement
developers
developing
development
developments
develops
deviance
deviant
deviation
deviations
device
devices
devise
devised
devising
devote
devoted
devotees
devouring
diacritic
diacritics
diadic
diagnose
diagnosed
diagnoses
diagnosis
diagnostic
diagnostics
diagonal
diagram
diagrammatic
diagrammatically
diagrams
dial
dialect
dialing
dialogue
dialogues
diameter
diary
diatribe
dichotomy
dichromatic
dictate
dictated
dictates
dictation
dictionary
did
didn't
die
died
dielectric
dies
differ
differed
difference
differences
different
differential
differentiate
differentiates
differentiating
differently
differing
differs
difficult
difficulties
difficulty
diffusion
digestible
digging
digit
digital
digits
dilemma
diligent
diligently
dimension
dimensional
dimensionality
dimensions
diminish
diner
diners
dining
dinner
dint
diode
diodes
direct
directed
directing
direction
directional
directions
directive
directives
directly
director
directories
directors
directory
directs
dirty
disable
disabled
disables
disabling
disadvantage
disadvantaged
disadvantages
disagreement
disagreements
disallow
disallowed
disappear
disappeared
disappears
disappointed
disappointing
disaster
disasters
disastrous
disastrously
disc
discard
discarded
discarding
discern
discernable
discerned
discharge
discharged
discharges
disciplinary
discipline
disciplined
disciplines
disclaimer
disclose
disclosed
discloses
disclosure
disconcerting
disconnect
disconnected
discontinued
discount
discounting
discounts
discourage
discouraged
discourages
discouraging
discover
discovered
discovering
discovers
discovery
discrepancies
discrepancy
discrete
discriminable
discriminate
discriminated
discriminating
discrimination
discriminatory
discs
discuss
discussed
discusses
discussing
discussion
discussions
disease
diseases
disfavour
disguised
dish
dishonest
disjoint
disjointed
disjunction
disk
disks
dislike
dismal
dismiss
dismount
disobey
disparity
dispatch
dispatched
dispatcher
dispense
dispensed
dispensing
dispersed
displaced
displacement
displacements
display
displayable
displayed
displaying
displays
disposable
disposal
dispose
disposed
disposing
disquiet
disregard
disregarded
disrepute
disrupted
disruption
dissatisfied
dissect
dissemination
dissertation
dissident
dissimilar
dissimilarities
dissimilarity
dissipated
distance
distances
distant
distinct
distinction
distinctions
distinctive
distinctly
distinguish
distinguishable
distinguished
distinguishes
distinguishing
distorted
distortion
distortions
distraction
distractions
distressing
distribute
distributed
distributing
distribution
distributions
distrubuted
disturb
disturbances
disturbed
disturbing
disused
ditto
diverge
diverging
diverse
diversion
diversity
divert
diverted
divide
divided
dividend
divider
divides
dividing
divine
divisibility
division
divisions
divisor
divisors
divorce
do
doctor
doctors
document
documentation
documented
documenting
documents
does
doesn't
doing
dollars
domain
domains
domestic
dominance
dominant
dominate
dominated
don
don't
donated
done
door
doors
doorstep
dope
doped
dormant
dossiers
dot
dotted
double
doubled
doubles
doublethink
doubling
doubly
doubt
doubtful
doubtless
doubts
down
downward
downwards
dozen
draft
drafting
drafts
draftsman
dragon
dragons
drain
dramatic
dramatically
drastic
drastically
draw
drawback
drawbacks
drawing
drawings
drawn
draws
dream
dreamed
dreamer
dreamers
dreaming
dreams
dreamt
dressing
drew
drill
drink
drinking
drinks
drive
driven
driver
drivers
drives
driving
drop
dropped
dropping
drops
drowned
drowsy
drugs
drum
drunkard
dual
dubbed
dubious
due
dumb
dummies
dummy
dump
dumped
dumping
dumps
duplex
duplicate
duplicated
duplicates
duplicating
duplication
durable
duration
durations
during
dust
dusty
dutch
duties
duty
dwellings
dwells
dwelt
dying
dynamic
dynamically
dynamics
e
each
earlier
earliest
early
earmarked
ears
earth
earthed
ease
eased
eases
easier
easiest
easily
east
easy
eat
eating
eats
echo
echoed
echoes
echoing
echos
eclipse
ecology
economic
economical
economically
economics
economies
economists
economy
ecstasy
edgar
edge
edges
edinburgh
edit
edited
editing
edition
editor
editorial
editors
edits
educate
educated
educating
education
educational
educationally
edward
effect
effected
effective
effectively
effectiveness
effects
efficacy
efficiencies
efficiency
efficient
efficiently
effort
efforts
egg
eggs
ego
eight
eighteen
eighth
eighty
either
eject
elaborate
elaborated
elaborates
elapsed
elderly
eldest
elect
elected
electric
electrical
electrocuting
electrode
electrodes
electromyograms
electron
electronic
electronically
electronics
electrons
elegance
elegant
element
elemental
elementary
elements
elephant
eleven
eliciting
eligible
eliminate
eliminated
eliminates
eliminating
elimination
elite
elongated
elongating
elongation
else
elsewhere
elucidate
elusive
emanate
embark
embed
embedded
embedding
embodied
embodies
embodiment
embody
embodying
emerge
emerged
emergence
emergencies
emergency
emerges
emerging
eminent
eminently
emission
emitting
emotional
emotionally
emotions
emphasing
emphasis
emphasise
emphasised
emphasises
emphasising
emphasized
emphasizes
emphatically
empirical
empirically
employ
employed
employee
employees
employer
employers
employing
employment
employs
empowered
emptied
empty
emulate
emulated
emulates
emulation
emulations
emulator
emulators
enable
enabled
enables
enabling
encipherment
encircling
enclose
enclosed
encloses
enclosing
enclosure
enclosures
encode
encoded
encodes
encoding
encompass
encompasses
encompassing
encounter
encountered
encountering
encounters
encourage
encouraged
encouragement
encourages
encouraging
encryption
encyclopaedic
end
endeavour
ended
ending
endings
endless
endpoints
ends
endures
enema
enemies
enemy
energised
energy
enforcable
enforce
enforced
enforcement
enforces
enforcing
engage
engaged
engagement
engineer
engineered
engineering
engineers
engines
england
english
engulf
enhance
enhanced
enhancement
enhancements
enhancing
enjoy
enjoyed
enjoying
enjoys
enlarge
enlarged
ennervation
enormous
enormously
enough
enquire
enquires
enquiries
enquiring
enquiry
enriched
enriching
ensemble
ensue
ensure
ensured
ensures
ensuring
entail
entailed
entails
enter
entered
entering
enterprise
enterprises
enters
entertain
entertainment
enthusiasm
enthusiastic
enthusiastically
enthusiasts
entire
entirely
entirety
entities
entitled
entitlement
entitles
entity
entrain
entrance
entrant
entrenched
entries
entrusted
entry
enumerate
enumerated
enumerating
envelope
environment
environmental
environments
environs
envisage
envisaged
ephemeral
epilogue
episodes
epitaxial
epithet
epitomise
epitomises
equal
equality
equalled
equally
equals
equated
equates
equation
equations
equilibrium
equipment
equipments
equipped
equitable
equivalence
equivalent
equivalently
eradicate
eradicated
erase
erased
erases
erasing
erect
erected
ergonomic
ergonomics
errant
erroneous
erroneously
error
errors
escape
escaped
eschew
esoteric
especially
essay
essays
essence
essential
essentially
essentials
establish
established
establishes
establishing
establishment
establishments
estimate
estimated
estimates
estimation
et
etc
etcetera
eternity
ether
ethic
ethical
etymology
eulogies
euphemistically
euphoric
europe
evaluate
evaluated
evaluates
evaluating
evaluation
evaluations
evaluative
even
evening
evenings
evenly
event
events
eventual
eventuality
eventually
ever
every
everybody
everyday
everyone
everyones
everything
everywhere
evidence
evidenced
evident
evidently
evil
evils
evoke
evoking
evolution
evolutionary
evolve
evolved
evolving
exacerbated
exact
exactly
exaggerated
exaggerates
examination
examinations
examine
examined
examiner
examines
examining
example
examples
exceed
exceeded
exceeding
exceedingly
exceeds
excelled
excellence
excellent
excellently
except
excepted
excepting
exception
exceptional
exceptionally
exceptions
excerpts
excess
excesses
excessive
excessively
exchange
exchanged
exchanging
excitation
exciting
excitingly
exclamation
exclude
excluded
excluding
exclusion
exclusive
exclusively
executable
execute
executed
executes
executing
execution
executions
executive
executives
exemplified
exempt
exempted
exemptions
exercise
exercised
exercises
exercising
exerted
exerts
exhaust
exhausted
exhausting
exhaustion
exhaustive
exhaustively
exhausts
exhibit
exhibited
exhibiting
exhibition
exhibitions
exhibits
exist
existed
existence
existences
existent
existing
exists
exit
exited
exiting
exits
exotic
exotica
expand
expandable
expanded
expanding
expands
expansion
expansions
expect
expectancies
expectancy
expectation
expectations
expected
expecting
expects
expedient
expedite
expeditious
expend
expendable
expended
expenditure
expenditures
expense
expenses
expensive
experience
experienced
experiences
experiment
experimental
experimentally
experimentation
experimented
experimenter
experimenters
experimenting
experiments
expert
expertise
experts
expire
explain
explained
explaining
explains
explanation
explanations
explanatory
explicit
explicitly
explicitness
explicity
explode
exploit
exploitation
exploited
exploiting
exploits
exploration
exploratory
explore
explored
exploring
explosion
explosions
exponent
exponential
exponentially
exports
exposed
exposition
exposure
expounded
express
expressed
expresses
expressible
expressing
expression
expressions
expressive
extant
extend
extended
extending
extends
extensible
extension
extensions
extensive
extensively
extent
external
externally
extinguished
extra
extract
extracted
extracting
extraction
extractor
extracts
extraneous
extrapolation
extreme
extremely
extremes
extremities
extremity
eye
eyes
f
fabled
fabricated
fabrication
face
faced
faces
facilitate
facilitated
facilitates
facilitating
facilities
facility
facilties
facing
facsimile
fact
factions
factor
factored
factorial
factories
factoring
factors
facts
faculties
faculty
fading
fail
failed
failing
fails
failure
failures
faintness
fair
fairly
fairness
faith
faithful
fake
fall
fallen
fallible
falling
falls
false
familiar
familiarisation
familiarity
families
family
famous
fanatics
fantasises
fantasising
fantasy
far
farther
farthest
fascinating
fascination
fashion
fashioned
fast
faster
fastest
fatal
father
fathers
fault
faults
faulty
favor
favorable
favour
favourable
favourably
favoured
favourite
fear
fears
feasibility
feasible
feature
features
february
federal
federally
federated
federation
feed
feedback
feeding
feel
feeling
feelings
feels
feet
fell
fellow
felt
female
females
fertile
fervent
fetch
fetched
fetching
few
fewer
fibre
fibres
fiction
fictitious
fiddling
field
fields
fierce
fifteen
fifth
fifty
fig
fight
figs
figurative
figure
figured
figures
file
filed
files
filestore
filing
fill
filled
filler
fillets
filling
fills
film
films
filter
filtered
filtering
filters
final
finalised
finally
finance
financed
finances
financial
financing
find
finder
finders
finding
findings
finds
fine
finely
finer
finessed
finish
finished
finisher
finishes
finishing
finite
fire
fireproof
firer
fires
firm
firming
firmly
firms
first
firstly
fiscal
fiscally
fish
fishing
fit
fits
fitted
fitting
five
fix
fixed
fixes
fixing
flag
flagrant
flags
flan
flashes
flat
flats
flavour
flaw
flawless
flesh
fleshing
flexibility
flexible
flexibly
flexing
flip
float
floating
flocking
floor
flop
floppy
flops
flour
flow
flowchart
flower
flowing
flows
fluctuate
fluent
fluid
flush
flushed
flushing
fly
flyback
flying
focal
focus
focussing
foil
fold
folded
folding
folk
folks
follow
followed
follower
followers
following
follows
folly
fond
fondle
font
fonts
food
fool
foolish
foolishly
foolproof
foot
footnote
footnotes
for
forbid
forbidden
force
forced
forceful
forces
forcibly
forcing
ford
forearm
forecasters
forecasting
foredoomed
forefinger
foregoing
foreground
foreign
foremost
foreseen
foresees
forest
forever
forgers
forget
forgetful
forgets
forgetting
forgive
forgiven
forgiving
forgot
forgotten
fork
forking
forks
form
formal
formalisation
formalised
formalising
formalism
formality
formally
format
formation
formats
formatted
formatter
formatting
formed
former
formerly
formidable
forming
forms
formula
formulae
formulated
formulation
forth
forthcoming
forthwith
fortnights
fortran
fortuitously
fortunate
fortunately
fortune
forty
forward
forwarded
forwards
fossil
foster
fought
foul
found
foundation
founded
founder
fount
founts
four
fourteen
fourth
fraction
fractional
fractions
fragment
fragmentary
fragmentation
fragmented
fragments
frail
frame
framed
frames
framework
framing
france
frank
fraught
freak
free
freed
freedom
freely
freeze
freezer
freezes
french
frequencies
frequency
frequent
frequently
fresh
freudian
friction
frictional
friday
friend
friendliest
friendly
friends
frightening
frighteningly
frills
from
front
frontiers
frozen
fruit
fruitful
fruits
frustrated
frustrating
frustration
frustrations
fry
frying
fulfil
fulfill
fulfilled
fulfilling
fulfills
fulfilment
full
fuller
fullest
fully
function
functional
functionally
functioning
functions
fund
fundamental
fundamentally
funded
funding
funds
funnel
funnels
funny
furnish
furnished
furnishes
furs
further
furtherance
furthermore
fuse
fusion
fussiness
future
fuzzy
g
gadgets
gaelic
gain
gained
gainers
gaining
gains
gallop
gallops
game
games
gamma
gang
gap
gaps
garbage
garbaged
garbled
gardens
garlic
garnered
gas
gaseous
gases
gate
gates
gateway
gateways
gather
gathered
gathering
gating
gauge
gauges
gave
gay
gayness
gays
gear
geared
genealogy
generable
general
generalisation
generalisations
generalise
generalised
generalist
generalists
generalities
generality
generalization
generalize
generalized
generally
generals
generate
generated
generates
generating
generation
generations
generative
generator
generators
generic
genitals
genocide
gentle
gently
genuine
genuinely
geographic
geographical
geographically
geometric
geometrically
geometries
geometry
german
germany
gestalt
get
gets
getting
gibberish
gift
gifts
girl
give
given
gives
giving
glad
glance
glancing
glaring
glass
glasses
glean
gleaned
global
globally
globe
gloom
gloomy
glorious
glow
glue
go
goal
goals
goes
going
gold
golden
gondolas
gone
good
goodies
goods
goodwill
got
gothic
govern
governed
governing
government
governmental
governments
governs
gracefully
graciously
grade
grades
gradually
graduate
graduates
graduating
graft
grafted
grain
grammar
grammars
grammatical
grand
grant
granted
granting
graph
graphic
graphical
graphics
graphs
grasp
grasped
grasping
grated
grateful
gratify
gratis
gratitude
grave
graven
gravity
greased
great
greater
greatest
greatly
greedy
greek
green
grey
greyhound
grid
grill
grilled
grim
grind
gripe
gritty
gross
grossly
grotesque
ground
grounded
grounding
grounds
groundwork
group
grouped
grouping
groupings
groups
grove
grow
growing
grown
grows
growth
grudgingly
guarantee
guaranteed
guaranteeing
guarantees
guard
guarded
guards
guess
guessed
guesses
guests
guidance
guide
guided
guideline
guidelines
guides
guiding
guilt
guilty
guinea
guise
gumption
guru
gurus
h
habit
habits
habitual
hack
had
hair
half
halfway
hall
hallmark
halls
hallucinations
hallucinatory
halt
halted
halve
halved
hamlets
hammer
hampered
hand
handbook
handedness
handicap
handicapped
handle
handled
handler
handlers
handles
handling
handouts
hands
handset
handwriting
handwritings
handwritten
handy
hang
hanging
hangover
hangs
haphazard
happen
happened
happening
happens
happily
happy
hard
hardened
harder
hardest
hardly
hardship
hardware
harm
harmful
harmless
harmonium
harnessed
harsh
has
hash
hashed
hashing
hasn't
hate
have
haven't
having
hazard
hazy
he
head
headaches
headed
header
headers
heading
headings
headphones
heads
healing
health
healthy
heap
heaps
hear
heard
hearing
hearings
hearsay
heart
hearted
heartfelt
heat
heating
heavier
heavily
heavy
hedge
hedging
heeded
height
heightens
heights
held
helicopter
helium
hello
help
helped
helper
helpful
helping
helps
hemispherical
hence
henceforth
her
heralded
heraldic
herbs
here
hereby
herein
hereinafter
hero
herring
herrings
hers
herself
hesitate
hesitation
heterogeneous
heterosexual
heterosexuality
heterosexually
heterosexuals
heuristic
heuristics
hexadecimal
hidden
hide
hierarchal
hierarchical
hierarchically
hierarchies
hierarchy
high
higher
highest
highlight
highlighted
highlighting
highly
hilarious
hill
hills
him
himself
hinder
hindering
hindi
hindrance
hindsight
hinted
hire
hired
hiring
his
historic
historical
historically
history
hit
hitherto
hits
hold
holders
holding
holds
hole
holes
holidays
holographic
holy
home
homeostatic
homes
homogeneous
homophobes
homophobia
homosexual
homosexuality
homosexuals
hone
honest
honesty
honours
hook
hooked
hop
hope
hoped
hopefully
hopeless
hopelessly
hopes
hoping
hopper
horizons
horizontal
horizontally
horrendous
horror
horrors
horse
horses
hospital
hospitality
hospitals
host
hostile
hosts
hot
hotel
hotly
hour
hourly
hours
house
housekeeping
houses
housing
how
however
howsoever
huge
human
humanised
humanity
humanized
humanly
humans
hundred
hundreds
hung
hungry
hurried
hurry
hybrid
hybrids
hydrogen
hyphen
hyphenated
hyphenation
hyphenations
hypotheses
hypothesis
hypothesized
hypothetical
i
i'd
i'll
i'm
i've
ibm
idea
ideal
idealised
ideally
ideals
ideas
identical
identically
identifers
identifiable
identifiably
identification
identifications
identified
identifier
identifiers
identifies
identify
identifying
identities
identity
ideologies
idiom
idiosyncracies
idle
idling
if
ignorable
ignorance
ignore
ignored
ignores
ignoring
ill
illegal
illicit
illiterate
illness
illnesses
illuminate
illuminating
illusion
illustrate
illustrated
illustrates
illustrating
illustration
illustrations
illustrative
illustratively
image
imagery
images
imaginable
imaginary
imagination
imagine
imagined
imbalance
imitate
imitates
imitation
imitative
immaterial
immature
immediate
immediately
immense
immersion
imminent
immortality
immunity
impact
impart
impasse
impatient
impeccably
impedance
impede
imperative
imperatives
imperfect
impermissible
impinges
implausible
implement
implementable
implementation
implementations
implemented
implementing
implementor
implementors
implements
implication
implications
implicit
implicitly
implied
implies
imply
implying
importance
important
importantly
imported
importing
imports
impose
imposed
imposes
imposing
imposition
impossibility
impossible
impossibly
impoverished
impractical
imprecise
impress
impressed
impression
impressions
impressive
impressively
improbable
improperly
improve
improved
improvement
improvements
improves
improving
impurities
impurity
in
inability
inaccessible
inaccurate
inactive
inadequacies
inadequacy
inadequate
inadvertent
inadvertently
inadvisable
inanimate
inappropriate
inasmuch
incapable
incarnations
incentive
incentives
inception
incest
inch
inches
incidence
incidental
incidentally
inclination
inclined
include
included
includes
including
inclusion
inclusions
inclusive
incoming
incompatible
incompetence
incompetent
incomplete
incompletely
incomprehensible
inconsistencies
inconsistency
inconsistent
inconvenience
inconvenienced
inconvenient
incorporate
incorporated
incorporates
incorporating
incorporation
incorrect
incorrectly
increase
increased
increases
increasing
increasingly
increment
incremental
incrementally
incremented
incrementing
increments
incur
incurred
incurring
indebted
indebtedness
indeces
indeed
indefinite
indefinitely
indelibility
indentation
independence
independent
independently
index
indexed
indexes
indexing
india
indian
indicate
indicated
indicates
indicating
indication
indications
indicative
indicator
indicators
indices
indictment
indifferent
indignation
indignities
indigo
indirect
indirection
indirectly
indistinguishable
individual
individualistic
individualized
individually
individuals
indivisible
indoctrinated
induce
inducing
induction
inductively
indulge
industrial
industries
industry
ineffective
inefficiencies
inefficiency
inefficient
inefficiently
inelegant
ineptness
inequalities
inequality
inertia
inertial
inevitable
inevitably
inexact
inexorably
inexpensive
inexperienced
inexpert
inexplicably
inextricably
infamous
infancy
infant
infants
infect
infectious
infer
inference
inferences
inferior
inferred
infers
infiltrating
infinite
infinitely
infinitum
infinity
infix
inflation
inflexibility
inflexible
influence
influenced
influences
influencing
influential
inform
informal
informally
information
informational
informations
informative
informed
informing
informs
infractions
infrequent
infrequently
infringement
infringements
infringment
infringments
ingenuity
ingrained
ingredients
inhabitants
inherent
inherently
inherit
inherited
inhibit
inhibited
inhibition
inhibits
inhuman
initial
initialed
initialisation
initialise
initialised
initialises
initialising
initialization
initialize
initializes
initially
initials
initiate
initiated
initiating
initiation
initiative
injected
injecting
injects
injury
inks
inland
inmos
inner
innermost
innocuous
inordinate
input
inputs
insane
insects
insecure
insensitive
insert
inserted
inserting
insertion
insertions
inserts
inside
insidious
insight
insights
insignificant
insist
insistence
insisting
insists
insofar
inspect
inspected
inspecting
inspection
inspectors
inspects
inspiration
inspire
inspired
instability
instalation
install
installation
installations
installed
installing
instance
instances
instant
instantaneous
instantaneously
instantiation
instantly
instead
instinctively
instincts
institute
instituted
institutes
institution
institutional
institutions
instructed
instruction
instructional
instructions
instructor
instructors
instrument
instrumentation
insufficient
insularity
insulate
insurance
insure
insured
insures
insuring
intact
intake
integer
integers
integral
integrate
integrated
integrating
integration
integrity
intel
intellectual
intellectually
intelligence
intelligent
intelligibility
intelligible
intend
intended
intending
intends
intense
intensely
intensity
intensive
intensively
intent
intention
intentional
intentionally
intentions
inter
interact
interacting
interaction
interactions
interactive
interactively
interacts
intercept
intercepts
interchange
interchangeable
interchangeably
interchanged
interchanging
interclass
intercommunication
interconnect
interconnectable
interconnected
interconnection
interconnections
interconnects
interest
interested
interesting
interestingly
interests
interface
interfaced
interfaces
interfacing
interfere
interference
interim
interior
interleaved
interlocation
interlocks
interludes
intermediary
intermediate
intermingled
internal
internally
international
internationally
interplay
interpose
interposed
interpret
interpretable
interpretation
interpretations
interpreted
interpreter
interpreters
interpreting
interpretive
interprets
interred
interrelated
interrelationship
interrelationships
interrogable
interrogate
interrogated
interrogates
interrogating
interrogation
interrogative
interrogator
interrupt
interrupted
interruptible
interrupting
interruption
interruptions
interrupts
intersect
intersecting
intersection
interspersed
interstage
interval
intervals
intervene
intervening
intervention
interventions
interview
interviewed
interviewing
interviews
intimate
intimately
into
intolerable
intolerably
intoxication
intra
intransitive
intricacies
introduce
introduced
introduces
introducing
introduction
introductory
intrusions
intuiting
intuition
intuitions
intuitive
intuitively
invalid
invalidate
invalidates
invalidating
invaluable
invariably
invariance
invariant
invasion
invent
invented
inventing
invention
inventive
inventor
inventories
inventory
inverse
inversely
invert
inverted
inverter
inverters
inverting
invest
investigate
investigated
investigates
investigating
investigation
investigations
investing
investment
investments
invisible
invitation
invite
invited
invites
inviting
invocation
invocations
invoice
invoices
invoke
invoked
invoker
invokes
invoking
involuntary
involve
involved
involvement
involves
involving
ion
ions
irate
ireland
ironic
irons
irrational
irrelevance
irrelevancies
irrelevant
irreplaceable
irrespective
irretrievably
irrevocable
irritated
irritation
is
isn't
isolate
isolated
isolating
isolation
issue
issued
issues
issuing
it
it's
italic
italics
item
itemised
itemized
items
iterate
iteration
iterations
iterative
iteratively
its
itself
j
jammed
january
jargon
jeans
jelly
jersey
jigsaw
job
jobs
join
joined
joining
joint
jointly
joints
joke
jokes
jolting
journal
journalists
journals
journey
joy
judge
judged
judgement
judging
judgment
judgmental
judgments
judicial
judicious
judiciously
juggle
juggling
juice
juicy
july
jumbled
jump
jumped
jumping
jumps
june
jungian
just
justice
justifiable
justifiably
justification
justified
justifies
justify
justifying
k
keen
keep
keeping
keeps
kept
kernel
key
keyboard
keyboards
keyed
keying
keys
keystone
keyword
keywords
kill
killed
killing
kind
kindled
kindly
kinds
kingdom
king
kiss
kisses
kit
kitchen
kits
knack
knee
knew
knight
knotty
know
knowing
knowingly
knowledge
knowledgeable
known
knows
l
label
labeled
labeling
labelled
labelling
labels
laboratories
laboratory
laborious
labour
laced
lack
lacking
lacks
ladder
lady
lag
lags
laid
lakes
lambda
lame
lamentable
land
landing
landscapes
language
languages
languishes
lapse
lard
large
largely
larger
largest
largish
laser
lasers
last
lasted
lasting
lasts
late
latent
later
latest
latter
laughs
launch
launched
launching
law
laws
lawyer
lay
layer
layers
laying
layout
layouts
lays
laziness
lazy
lead
leader
leaders
leadership
leading
leads
leaf
leaflets
league
leaking
lean
leans
learn
learned
learning
learnt
least
leave
leaves
leaving
lecture
lectured
lecturer
lectures
led
left
leftmost
leftwards
legal
legalistic
legality
legally
legendary
legibility
legion
legislation
legislature
legitimate
leisure
lemon
lend
lending
length
lengthen
lengthening
lengthens
lengths
lengthy
lesbian
lesbians
less
lessened
lesser
lesson
lessons
lest
let
lets
letter
lettering
letters
letting
lettuce
level
levelled
levels
levy
lexical
lexically
lexicon
liability
liable
liase
liason
libel
liberal
liberalized
liberate
liberated
liberates
liberties
libertine
liberty
librarian
librarians
libraries
library
licence
licences
licensed
licensee
licensing
lie
lies
life
lifespan
lifetime
lifetimes
lifted
lifts
light
lighted
lighter
lighting
lightly
lights
like
liked
likelihood
likely
likened
likes
likewise
limbs
limit
limitation
limitations
limited
limiting
limitless
limits
limp
limpet
line
linear
linearised
linearly
lined
lines
linguistic
linguistics
link
linkage
linkages
linked
linking
links
lisp
list
listed
listen
listened
listener
listing
listings
lists
literal
literally
literals
literary
literature
litigation
little
live
lived
lively
lives
living
load
loadable
loaded
loader
loaders
loading
loads
loan
loaned
loans
loathe
local
localisation
locality
locally
locals
locate
located
locates
locating
location
locations
lock
locked
locking
lockout
log
logged
logging
logic
logical
logically
logs
london
long
longer
longest
longs
look
looked
looking
looks
lookup
loony
loop
looping
loops
loose
loosely
lose
loses
losing
loss
losses
lost
lot
lots
loudspeaker
love
lovely
lovers
low
lower
lowered
lowering
lowest
lucid
lucidly
luck
luckily
lucky
lucrative
lumped
lunch
lush
luxury
m
machanical
machinations
machine
machinery
machines
macro
made
madly
madness
magazine
magic
magnetic
magnify
magnitude
magnitudes
mail
mailed
mailing
mails
main
mainframe
mainframes
mainline
mainly
maintain
maintained
maintaining
maintains
maintenance
majesty
major
majority
majors
make
maker
makers
makes
making
male
males
malfunction
malicious
malpractice
man
manage
manageability
manageable
managed
management
managements
manager
managerial
managers
manages
managing
mandala
mandarin
mandatory
manifest
manifestations
manifested
manifests
manifold
manipulable
manipulate
manipulated
manipulates
manipulating
manipulation
manipulations
manipulative
manned
manner
manning
manoeuvre
manpower
manual
manually
manuals
manufacture
manufactured
manufacturer
manufacturers
manufacturing
manuscript
manuscripts
many
map
mapped
mapping
mappings
maps
march
margin
marginal
marginally
margins
mark
marked
markedly
marker
markers
market
marketability
marketable
marketed
marketing
markets
marking
marks
marriage
marriageable
married
marvellous
marvellously
mashed
mask
masked
masking
mass
massachusetts
massive
master
mastered
mastering
masters
match
matched
matches
matching
mate
material
materials
mathematical
mathematically
mathematician
mathematicians
mathematics
matrices
matrix
matter
matters
mature
maturity
max
maxim
maxima
maximal
maximally
maximise
maximises
maximize
maximized
maximizes
maximizing
maxims
maximum
may
maybe
maze
me
meal
meals
mean
meandering
meaning
meaningful
meaningfully
meaningfulness
meaningless
meanings
means
meant
meanwhile
measurable
measure
measured
measurement
measurements
measures
measuring
meat
mechanic
mechanical
mechanically
mechanics
mechanised
mechanism
mechanisms
media
median
medical
medicine
meditation
medium
meet
meeting
meetings
meets
melange
melodic
member
members
membership
memberships
memo
memorable
memoranda
memorandum
memories
memorise
memorising
memory
memos
men
menstruation
mental
mentality
mention
mentioned
mentioning
mentions
mentor
mentors
menu
menus
mercy
mere
merely
merge
merged
merges
merging
merit
merited
merits
mess
message
messages
messy
met
meta
metal
metallization
metallurgy
metals
metaphorical
method
methodological
methodologies
methodology
methods
metres
metric
metropolitan
micro
microcomputer
microcomputers
microfilm
micron
microprocessor
microprocessors
microprograms
micros
microseconds
microwave
middle
midline
midnight
midst
midway
might
mighty
migrate
migration
mild
mildness
mile
mileage
miles
milestone
milestones
military
milk
mill
million
millions
millisecond
milliseconds
mimic
mimics
mind
minded
minds
mine
mini
miniature
minicomputer
minicomputers
minima
minimal
minimise
minimised
minimises
minimising
minimization
minimize
minimized
minimizes
minimizing
minimum
minister
ministry
minor
minority
minus
minute
minuted
minutes
miracles
miraculous
mirror
mirroring
mirrors
miscellaneous
miscellany
misconstrue
misdeclared
misguided
mishaps
misinterpretations
mislead
misleading
misled
mismatch
mismatched
mismatches
misplaced
misprint
miss
missed
missing
mist
mistake
mistaken
mistakenly
mistakes
mistress
misunderstand
misunderstanding
misunderstood
mix
mixed
mixes
mixing
mixture
mnemonic
mnemonics
mobile
mobility
modal
mode
model
modeled
modeling
modelled
modelling
models
moderate
moderately
modern
modes
modest
modifiable
modification
modifications
modified
modifier
modifies
modify
modifying
modular
modularity
modulated
modulations
module
modules
modulo
molested
moment
momentarily
moments
momentum
monadic
monday
money
monitor
monitored
monitoring
monitors
monochrome
monogamous
monograph
monolithic
monotone
monotonic
monotonically
monotonicity
monotonous
monsters
month
monthly
months
mood
moon
mooted
moral
morality
morally
morbidly
more
moreover
morning
morphologically
mortals
most
mostly
mother
motherless
mothers
motifs
motion
motionless
motions
motivated
motivation
motivations
motive
motives
motor
motorcycle
motors
motto
mount
mountain
mountains
mounted
mounting
mouse
move
moved
movement
movements
moves
moving
much
muddle
multi
multidimensional
multiple
multiples
multiplex
multiplexed
multiplexers
multiplexing
multiplexor
multiplexors
multiplication
multiplications
multiplicative
multiplicity
multiplied
multiplier
multipliers
multiply
multiplying
multiprogram
multiprogrammed
multiprogramming
multistage
multitude
multivariate
mumble
mundane
munitions
murder
murderers
muscle
muscles
muscular
music
musical
must
mustard
mustn't
mutations
muttered
mutual
mutually
my
myself
mysteries
mysterious
mysteriously
mystery
mystical
mystify
mystifying
myth
mythology
myths
n
naive
naively
naked
name
named
namely
names
naming
nanoseconds
narrow
narrower
nastier
nasties
nasty
nation
national
nationalisation
nationalised
nationalities
nationally
nations
natural
naturally
naturalness
nature
near
nearer
nearest
nearly
neat
neater
neatly
nebulous
necessarily
necessary
necessitate
necessitated
necessitates
necessity
necks
need
needed
needing
needn't
needs
negate
negated
negates
negation
negative
neglect
neglected
neglecting
negligible
negotiate
negotiating
negotiation
neighbor
neighboring
neighbour
neighbours
neither
nerve
nervous
nervousness
nest
nested
nesting
nests
net
nets
network
networking
networks
neurological
neurologically
neurons
neuroses
neurotic
neutral
never
nevertheless
new
newcomer
newcomers
newer
newest
newline
newly
news
newsletter
newspaper
next
nice
nicely
niceties
nicety
nifty
night
nightly
nil
nine
nineteen
ninety
nitty
no
nobody
node
nodes
noise
noisy
nominally
nominated
nominating
non
none
nor
norm
normal
normalised
normality
normalized
normalizes
normally
norman
normative
norms
north
northern
not
notable
notably
notation
notational
notations
note
notebook
noted
notes
noteworthy
nothing
notice
noticeable
noticeably
noticed
notices
noticing
notification
notified
notify
noting
notion
notional
notionally
notions
notorious
notoriously
notwithstanding
novel
novels
novelty
november
novice
novices
now
nowadays
nowhere
nuclear
nucleus
nugatory
null
numbed
number
numbered
numbering
numbers
numerals
numeric
numerical
numerically
numerics
numerous
nursery
nuts
o
obedient
obey
obeyed
obeying
obeys
object
objection
objectionable
objective
objectively
objectives
objects
obligation
obligatory
oblige
obliged
obliterate
obnoxious
obscene
obscure
obscured
obscures
obscuring
observation
observations
observe
observed
observer
observing
obsessive
obsolescence
obsolescent
obsolete
obstacles
obstruct
obstructive
obtain
obtainable
obtained
obtaining
obtains
obviate
obviated
obviates
obviating
obvious
obviously
occasion
occasional
occasionally
occasions
occupancy
occupations
occupied
occupies
occupy
occupying
occur
occured
occurences
occuring
occurred
occurrence
occurrences
occurring
occurs
octal
october
odd
oddities
oddly
odds
of
off
offending
offensive
offer
offered
offering
offerings
offers
office
officer
officers
offices
official
officially
officials
offset
offsets
often
oil
oiled
ok
old
older
oldest
olives
ominous
omission
omissions
omit
omitted
omitting
on
once
one
onerous
ones
onion
onions
only
onto
onward
opaque
open
opened
opening
openings
openness
opens
operable
operand
operands
operas
operate
operated
operates
operating
operation
operational
operationally
operations
operative
operator
operators
opinion
opinions
opponents
opportunism
opportunities
opportunity
opposed
opposing
opposite
opposition
oppressed
oppression
oppressive
optical
optically
optimal
optimality
optimally
optimisation
optimisations
optimise
optimised
optimiser
optimisers
optimises
optimising
optimistic
optimization
optimizations
optimized
optimizing
optimum
option
optional
optionally
options
or
oral
orally
orange
oratorios
orchestra
orchestral
order
ordered
ordering
orderings
orderly
orders
ordinal
ordinary
ordinate
ordinated
ordination
organ
organisation
organisational
organisations
organise
organised
organisers
organising
organist
organization
organizational
organizations
organize
organized
organizer
organizing
orientated
orientation
oriented
origin
original
originality
originally
originals
originate
originated
originates
originating
originator
origins
orthodox
orthogonal
orthogonality
other
others
otherwise
ought
our
ours
ourselves
ousting
out
outcome
outcomes
outdated
outer
outermost
outfit
outgoing
outgrow
outlaw
outlawed
outlaws
outline
outlined
outlines
outlining
outlive
output
outputs
outputting
outs
outset
outside
outsiders
outstanding
outweigh
outweighed
outweighing
oven
ovenproof
over
overall
overcame
overcome
overcomes
overcoming
overflow
overflows
overhead
overheads
overlaid
overlap
overlapped
overlapping
overlaps
overlay
overlayed
overlaying
overlays
overloaded
overlook
overlooked
overly
overnight
overseas
overstep
overstrike
overt
overtures
overview
overviews
overwhelmed
overwhelming
overworked
overwrite
overwrites
overwriting
overwritten
owing
own
owned
owner
owners
ownership
owns
p
pace
pack
package
packaged
packages
packaging
packed
packet
packets
packing
packs
pad
padded
padding
paddle
page
paged
pages
paging
paid
pain
painful
painfully
painless
pains
paint
pair
paired
pairs
pairwise
pal
palaeolithic
palette
pallete
pamphlets
pan
panacea
pandering
pane
panel
panels
panes
panic
panther
paper
paperless
papers
paradigm
paradoxically
paragraph
paragraphs
parallel
parallelism
parameter
parameterised
parameters
parametric
paramount
paranoiacs
paranormal
paraphrased
paraphrasing
parent
parentheses
parenthesis
parenthesised
parents
parity
parliament
parochial
parse
parsed
parser
parsers
parses
parsing
parsings
parsley
part
parti
partial
partially
participants
participate
participated
participating
participation
particular
particularly
parties
partition
partitioned
partitioning
partitions
partly
partner
partners
partnership
parts
party
pascal
pass
passable
passage
passed
passes
passing
passionately
passive
passively
password
past
pastry
pat
patch
patent
patentable
patented
patents
path
pathological
paths
pathways
patience
patient
patients
pattern
patterns
paucity
pause
paused
pauses
pausing
pay
paying
payment
payments
payoff
pays
peace
peak
peaks
pearl
peculiar
peculiarities
peculiarity
pedantically
pedantry
pedestrian
peephole
peer
pejorative
pelican
pen
penalties
penalty
pended
pending
penetrated
penetration
penguin
penis
penmanship
pension
pensions
pensive
people
pepper
per
perceivable
perceive
perceived
perceives
percent
percentage
percentages
perceptible
perceptibly
perception
perceptions
perceptual
perfect
perfectly
perforce
perform
performance
performances
performed
performing
performs
perhaps
pericles
period
periodic
periodically
periodicals
periods
peripheral
peripherally
peripherals
periphery
permanence
permanent
permanently
permeate
permissible
permission
permissions
permissive
permit
permits
permitted
permitting
permuted
perpendicular
perpetrator
perpetually
perpetuate
perpetuated
persistence
persistently
person
personal
personalised
personalities
personality
personalized
personally
personnel
persons
perspective
perspectives
perspicuous
persuade
pertain
pertaining
pertains
pertinent
perusal
perversion
perversions
perversity
perverted
petition
phantoms
phase
phased
phases
phenomena
phenomenon
philosophers
philosophies
philosophise
philosophy
phone
phones
phonetics
photo
photocopied
photocopies
photocopy
photocopying
photographing
photographs
phrase
phrased
phrases
phrasing
physical
physically
physiological
piano
pick
picked
picking
picks
pickup
picnic
pictorial
picture
pictures
picturings
piece
piecemeal
pieces
pile
piles
pilot
pinch
pineapple
pink
pinpoint
pins
pint
pioneered
pioneers
pipe
piped
pipeline
pipelines
pipes
pit
pitfalls
pity
place
placed
placement
places
placidly
placing
plain
plainly
plan
planar
plane
planned
planner
planning
plans
plant
planted
plants
plate
plated
plausibility
plausible
play
played
players
playing
plays
pleasant
please
pleased
pleases
pleasing
pleasurable
pleasure
plentiful
plenty
plethora
plot
plots
plotted
plotter
plotters
plotting
plug
plugged
plumbing
plural
plurality
plus
pocket
pockets
point
pointed
pointer
pointers
pointing
pointless
points
polarisation
polarity
pole
polemics
police
policeman
policies
policy
polish
polishing
polite
political
politically
politics
polled
polling
pollution
polymers
polymorphic
polymorphism
polynomial
polynomials
polytechnic
ponder
pool
pooled
pooling
pools
poor
poorer
poorly
pop
popped
pops
popular
popularised
popularity
populating
population
pork
port
portability
portable
portals
ported
porter
portion
portions
portraying
ports
poses
position
positional
positioned
positioning
positions
positive
positively
posits
possess
possessed
possesses
possessing
possession
possibilities
possibility
possible
possibly
post
postage
postal
poster
posterity
posters
postgraduate
posts
postulate
postulated
posture
pot
potato
potatoes
potential
potentially
potentiometer
pound
pounds
pour
poured
powder
power
powered
powerful
powerfully
powers
practicability
practicable
practical
practicality
practically
practice
practiced
practices
practicing
practise
practised
practising
practitioners
pragmatic
pragmatically
pragmatics
pragmatism
pray
pre
preach
preaches
preassigned
precall
precaution
precautions
precede
preceded
precedence
precedences
precedes
preceding
preceeded
preceeding
precious
precise
precisely
precision
preclude
precludes
precompiled
preconceived
predecease
predecessor
predecessors
predefined
predetermined
predicate
predicates
predict
predictable
predicted
predicting
prediction
predictions
predictive
predictor
predominantly
predominate
prefer
preferable
preferably
preference
preferences
preferential
preferred
prefix
prefixed
prefixes
prefixing
pregnancy
preheated
prejudice
preliminary
prelude
premature
prematurely
premium
premiums
preparation
prepare
prepared
prepares
preparing
prepends
prerequisite
prescan
prescribe
prescribed
prescribes
prescription
presence
present
presentable
presentation
presentations
presented
presenter
presenting
presently
presents
preservation
preserve
preserved
preserves
preserving
preset
president
press
pressed
pressing
pressure
pressures
pressurized
presumably
presumed
pretend
pretending
pretends
pretentious
pretty
prevailing
prevalent
prevent
prevented
preventing
prevention
preventive
prevents
previous
previously
price
priced
prices
pricing
primaries
primarily
primary
prime
primed
priming
primitive
primitives
primrose
principal
principally
principals
principle
principles
print
printable
printed
printer
printers
printing
prints
prior
priori
priorities
priority
prison
pristine
privacy
private
privilege
privileged
privileges
probabilities
probability
probable
probably
probing
problem
problematical
problems
procedural
procedure
procedures
proceed
proceeded
proceeding
proceedings
proceeds
process
processable
processed
processes
processing
processor
processors
prod
producable
produce
produced
producer
producers
produces
producing
product
production
productions
productive
productivity
products
profession
professional
professionalism
professionally
professionals
professions
professor
professors
proficient
profile
profiles
profit
profitable
profitably
program
programmability
programmable
programmatic
programme
programmed
programmer
programmers
programmes
programming
programs
progress
progressed
progresses
progression
progressively
prohibit
prohibited
prohibiting
prohibition
prohibitions
prohibitively
prohibits
project
projected
projection
projections
projective
projector
projectors
projects
proliferation
prologue
prologues
prominent
promiscuity
promise
promised
promising
promote
promoted
promoting
promotion
promotional
promotions
prompt
prompted
prompting
promptly
prompts
prone
proneness
pronounced
proof
proofs
propagate
propagated
propagating
propagation
proper
properly
properties
property
proportion
proportional
proportionate
proportionately
proportioned
proportions
proposal
proposals
propose
proposed
proposes
proposing
proposition
prose
prospect
prospective
prospects
protect
protected
protecting
protection
protections
protects
proters
protestant
protocol
protocols
prototype
prototypes
protracted
provably
prove
proved
proven
provenance
proves
provide
provided
provider
providers
provides
providing
province
provincial
proving
provision
provisional
provisionally
provisions
provoke
provoked
proximally
proximity
prune
pruned
pruning
pseudo
psychic
psychoanalyst
psychoanalytic
psychological
psychologist
psychologists
psychology
psychopathology
psychotherapeutic
psychotic
pub
public
publication
publications
publicised
publicising
publicity
publicly
publish
published
publishing
pull
pulled
pulse
pulses
punch
punched
punches
punctuation
punctured
punished
punning
pupil
pupils
purchase
purchased
purchases
purchasing
pure
purely
purpose
purposes
purse
pursue
pursued
pursues
pursuits
push
pushed
pusher
pushers
pushes
pushing
put
puts
putting
python
q
quadratic
quadruple
quadruples
qualification
qualifications
qualified
qualify
qualifying
qualitative
qualities
quality
quantisation
quantised
quantising
quantitative
quantities
quantity
quantization
quantum
quarter
quarterly
quasi
quaternity
queen
queries
query
quest
question
questionable
questionaire
questioning
questionnaire
questionnaires
questions
queue
queued
queues
queuing
quibbles
quick
quicker
quickly
quiet
quinquennium
quirk
quirks
quit
quite
quota
quotas
quotation
quotations
quote
quoted
quotes
quotient
quoting
r
race
racial
rack
racking
radical
radically
radio
rage
railing
railway
raise
raised
raises
raising
ramifications
rampant
ran
rand
random
randomised
randomly
range
ranged
ranges
ranging
rank
ranking
rankings
ranks
ranting
rape
rapid
rapidly
rare
rarely
rashly
raster
rate
rated
rates
rather
ratified
rating
ratings
ratio
ration
rational
rationalisation
rationalising
rationality
rations
ratios
rats
ravage
ravages
raw
ray
rays
re
reach
reached
reaches
reaching
react
reaction
reactionary
reactions
reactivated
reactive
read
readability
readable
reader
readers
readily
reading
readings
reads
ready
real
realise
realised
realistic
realistically
realities
reality
realization
realize
realized
realizing
really
realms
reap
rear
reared
rearrange
rearranges
reason
reasonable
reasonably
reasoning
reasonings
reasons
reassigned
reassignment
reassurance
reassuring
reawakened
rebirth
reborn
rebound
rebuild
rebuilding
recalculate
recalculation
recall
recalled
recalling
recalls
recast
receipt
receipts
receive
received
receiver
receivers
receives
receiving
recent
recently
reception
receptions
recipe
recipient
reclaim
reclaimed
reclaiming
reclaims
reclamation
reclamations
recognisable
recognise
recognised
recogniser
recognises
recognising
recognition
recognize
recognized
recognizer
recognizers
recognizes
recognizing
recombination
recommenced
recommend
recommendation
recommendations
recommended
recommending
recomputing
reconfiguration
reconnect
reconsider
reconsidered
reconstruct
reconstructed
reconstructing
reconstruction
record
recorded
recorder
recorders
recording
recordings
records
recourse
recover
recovered
recovering
recovers
recovery
recreation
recruit
rectangle
rectangular
rectified
rectillinear
recur
recurrent
recurring
recursion
recursive
recursively
red
redefine
redefinition
redesign
redisplay
redisplayed
redistribution
redraw
redrawing
redraws
reduce
reduced
reduces
reducible
reducing
reduction
reductionist
reductions
reductive
redundancies
redundancy
redundant
refer
reference
referenced
references
referencing
referents
referral
referred
referring
refers
refill
refine
refined
refinement
refinements
refining
reflect
reflected
reflecting
reflection
reflections
reflective
reflects
reflex
reformation
reformatted
reformatting
refresh
refreshed
refreshingly
refreshments
refusal
refuse
refused
refuses
refusing
regard
regarded
regarding
regardless
regards
regime
regimes
region
regional
regionally
regions
register
registered
registers
registrar
registration
regress
regression
regret
regrettable
regular
regularity
regularly
regulated
regulations
regulator
rehabilitation
rehash
rehashing
reinforce
reinforced
reinforces
reinforcing
reinstating
reiterate
reject
rejected
rejecting
rejection
rejects
relate
related
relates
relating
relation
relational
relations
relationship
relationships
relative
relatively
relaxed
relaxing
relay
relayed
relays
release
released
releases
releasing
relevance
relevant
reliability
reliable
reliably
reliance
relied
relief
relies
relieved
religion
religious
relinquish
reload
reloaded
reloading
reloads
relocatable
relocate
relocated
relocating
relocation
reluctant
rely
relying
remain
remainder
remained
remaining
remains
remark
remarkable
remarkably
remarked
remarking
remarks
remedial
remedies
remedy
remember
remembered
remembering
remembers
reminder
remit
remote
remotely
removable
removal
remove
removed
removes
removing
rename
render
rendered
rendering
rendezvous
renewing
rent
rental
rentals
rented
renting
reorder
reordering
reorganisation
reorganise
reorganises
reorganising
repaid
repair
repaired
repairing
repairs
reparse
repeals
repeat
repeatable
repeated
repeatedly
repeater
repeaters
repeating
repeats
repercussions
repertoire
repertory
repetition
repetitions
repetitive
repetitively
replace
replaced
replacement
replacements
replaces
replacing
replay
replicate
replicated
replication
replies
reply
report
reported
reporters
reporting
reports
reposition
repositioned
represent
representation
representational
representations
representative
representatives
represented
representing
represents
repressed
repressive
reproduce
reproduced
reproducible
reproducing
reproduction
reputation
reputations
request
requested
requesting
requests
require
required
requirement
requirements
requires
requiring
requisite
requisition
requisitions
rereading
reruns
rescheduling
rescue
research
researched
researcher
researchers
researching
resemblance
resemble
resembles
resembling
reservation
reservations
reserve
reserved
reset
resets
resetting
reside
resident
residents
resides
residing
residual
resign
resigning
resist
resistance
resisted
resistivity
resistor
resistors
resolution
resolve
resolved
resolves
resolving
resort
resorting
resoundingly
resource
resources
respect
respectable
respected
respective
respectively
respects
respond
respondent
respondents
responding
responds
response
responses
responsibilities
responsibility
responsible
responsibly
responsive
responsiveness
rest
restart
restarted
restarts
restated
resting
restore
restored
restores
restoring
restrict
restricted
restricting
restriction
restrictions
restrictive
restricts
restructure
restructuring
result
resultant
resulted
resulting
results
resume
resumed
resumes
resuming
resumption
resynchronisation
retail
retain
retained
retaining
retains
retardation
retarding
retirement
retiring
retrain
retrained
retransmission
retransmit
retreating
retrieval
retrieve
retrieved
retrieving
retrospect
return
returned
returning
returns
retype
reveal
revealed
revealing
reveals
revenue
reversal
reversals
reverse
reversed
reverses
reversible
reversing
revert
review
reviewed
reviewer
reviewing
reviews
revised
revising
revision
revisions
revisited
revive
revived
reviving
revolution
reward
rewarded
rewarding
rewards
rewinding
rewrite
rewriting
rewritten
rewrote
rex
rhapsody
rhubarb
rice
rich
riddle
ride
riders
ridiculous
rife
right
righteousness
rightly
rightmost
rights
rightwards
rigid
rigidly
rigorous
rigorously
rigour
rigourously
ring
rings
ripe
rippling
rise
risen
rising
risk
risks
risky
rites
rival
river
road
roads
robin
robot
robotics
robust
role
roles
roll
rolling
room
rooms
root
rooted
roots
rose
rosemary
rotate
rotated
rotating
rotation
rotations
rotors
rough
roughly
round
rounded
rounding
route
routed
routes
routine
routinely
routines
routing
routings
row
rows
rub
rubbish
rubout
rubouts
rubs
rude
rudimentary
ruin
ruinous
rule
ruled
rules
rumors
rumour
run
rung
runnable
running
runs
ruse
s
sacrificed
sacrifices
sacrificing
sadly
safe
safely
safer
safety
said
saint
saintly
sake
salad
salary
sale
saleable
sales
salt
salted
salutary
salvation
same
sample
sampled
samples
sampling
sand
sandwich
sated
satellite
satellites
satisfaction
satisfactorily
satisfactory
satisfied
satisfies
satisfy
satisfying
saturday
sauce
save
saved
saves
saving
savings
saw
say
saying
says
scalar
scalars
scale
scaled
scaling
scan
scandinavian
scanned
scanner
scanners
scanning
scans
scapegoat
scattered
scenario
scenarios
scene
scenes
sceptical
schedule
scheduled
scheduler
schedulers
schedules
scheduling
schema
schemata
schematically
scheme
schemes
schizophrenia
schizophrenically
scholar
scholars
scholarship
school
schoolchild
schooled
schools
science
sciences
scientific
scientifically
scientist
scientists
sciolistic
scope
scoping
score
scorers
scores
scrap
scratch
scratchpad
screaming
screen
screened
screening
screens
screw
screwed
scribbled
script
scripts
scroll
scrolled
scrolling
scrutiny
sea
seals
search
searched
searches
searching
season
seasoned
seasoning
seats
second
secondary
secondly
seconds
secrecy
secret
secretarial
secretaries
secretary
secretive
secrets
section
sectional
sections
sector
sectors
secure
securely
security
seduction
seductive
see
seeing
seek
seeking
seeks
seem
seemed
seeming
seemingly
seems
seen
sees
segment
segmentation
segmented
segments
seldom
select
selectable
selected
selecting
selection
selections
selective
selectively
selects
self
sell
selling
sells
semantic
semantically
semantics
semaphore
semaphores
semester
semesters
semicolon
semicolons
semiconductor
semiconductors
seminar
seminars
semolina
send
sender
sending
sends
sense
senses
sensible
sensibly
sensing
sensitive
sensitivity
sensory
sent
sentence
sentences
sentential
sentiment
separable
separate
separated
separately
separates
separating
separation
separator
september
sequel
sequence
sequences
sequencing
sequential
sequentially
serial
serially
series
serious
seriously
serpent
servant
servants
serve
served
server
servers
serves
service
serviced
services
servicing
serving
session
sessions
set
sets
setting
settings
settled
settlement
settlements
setup
seven
seventeen
seventh
several
severally
severe
severely
severity
sex
sexual
sexuality
sexually
sexy
shade
shades
shadowing
shaky
shall
shallow
shame
shan't
shape
shaped
shapes
sharable
share
shareable
shared
shares
sharing
sharp
sharpens
sharply
she
shed
sheen
sheer
sheet
sheets
shelf
shell
shield
shift
shifted
shifting
shifts
ship
shipped
shipping
ships
shooting
shop
shopping
shops
short
shortage
shortages
shorten
shortened
shortening
shortens
shorter
shortest
shorthand
shortly
shot
shots
should
shouldn't
shouted
shouts
show
showed
showing
shown
shows
shuffle
shunting
sibling
siblings
sick
sickness
sicknesses
side
sides
sideways
siding
sidings
sight
sighted
sigma
sign
signal
signalled
signalling
signals
signatory
signature
signatures
signed
signer
significance
significant
significantly
signifies
signify
signing
signs
silent
silk
silly
silver
similar
similarities
similarity
similarly
simmer
simper
simple
simpler
simplest
simplicity
simplification
simplifications
simplified
simplifies
simplify
simplifying
simplistic
simply
simula
simulate
simulated
simulates
simulating
simulation
simulator
simultaneous
simultaneously
sin
since
sincerely
singing
single
singly
sink
sinks
sinner
sister
sisters
sit
site
sites
sits
sitting
situated
situation
situations
six
sixteen
sixth
sixties
sizable
size
sized
sizes
skeleton
skeletons
sketch
sketched
sketches
skill
skilled
skillful
skills
skip
skipped
slack
slanderous
slang
slant
slave
slavishly
sledgehammer
sleep
sleeping
sleeps
slice
sliced
slices
slicing
slid
slide
slides
sliding
slight
slightly
slip
slippery
slips
sloppy
slot
slothfulness
slots
slow
slowed
slower
slowly
slowness
slows
small
smaller
smallest
smell
smells
smith
smoke
smokers
smooth
smoothing
smoothly
snag
snags
snake
snakes
snow
so
soaking
social
socially
societal
societies
society
socket
sockets
soft
softest
software
sold
sole
solely
solicited
solid
solidus
solution
solutions
solve
solved
solves
solving
some
somebody
somehow
someone
something
sometime
sometimes
somewhat
somewhere
son
song
songs
sons
soon
sooner
soonest
sophistically
sophisticate
sophisticated
sophistication
sophistocated
sorcerer
sorry
sort
sorted
sorter
sorters
sorting
sorts
sought
sound
sounded
sounding
sounds
source
sources
space
spaced
spaces
spacing
spaghetti
spanning
spare
spared
spares
sparked
sparse
spatial
spawned
spawning
spawns
speak
speaker
speaking
special
specialisation
specialise
specialised
specialist
specialists
specialization
specialized
specializing
specially
specialties
specialty
specific
specifically
specification
specifications
specifics
specified
specifies
specify
specifying
spectrum
speculative
speech
speed
speeded
speeding
speeds
speedy
spell
spelled
spelling
spellings
spells
spelt
spend
spending
spends
spent
sphere
spheres
spherical
sphinx
spice
spilt
spin
spinal
spirit
spite
spliced
split
splits
splitting
spoke
sponsor
sponsored
sponsoring
sponsors
spontaneously
spooler
spooling
sporadic
sports
spot
spots
spread
spreads
spring
springer
springs
sprout
sprouts
spruced
spurious
squads
squandered
square
squared
squarely
squares
squeeze
stability
stabilize
stable
stack
stacked
stacking
stacks
staff
staffed
staffing
staffs
stage
staged
stages
stance
stand
standard
standardisation
standardise
standardised
standardize
standards
standing
standpoint
stands
standstill
star
staring
starred
start
started
starter
starting
starts
state
stated
statement
statements
states
static
statically
station
stationary
stationery
stations
statistic
statistical
statistically
statisticians
statistics
statues
status
statutory
stave
stay
stays
steadily
steady
stem
stemming
stems
step
stepped
stepping
steps
stereotype
stereotyped
stereotypes
stick
stickier
sticks
stifling
still
stimulate
stimulated
stimulating
stimuli
stimulus
stir
stock
stolen
stone
stood
stop
stopped
stopping
stops
storage
store
stored
storekeeper
stores
stories
storing
story
straight
straightforward
straightforwardly
strain
straits
strange
strangers
strapped
strategic
strategies
strategy
stratifications
streaking
stream
streamline
streams
street
streets
strength
strengthen
strengthened
strengthens
strengths
stress
stressed
stresses
stretched
strict
strictest
strictly
stride
strike
strikes
striking
string
stringent
strings
strip
stripped
stripping
stroke
strokes
strong
stronger
strongly
structural
structurally
structure
structured
structures
structuring
struggle
struggling
stuck
student
students
studied
studies
study
studying
stuff
stumbling
stupidity
style
styles
stylised
sub
subdivided
subdivision
subdivisions
subject
subjected
subjective
subjects
sublimated
sublimation
submission
submit
submits
submitted
submitting
subordinate
subroutine
subroutines
subscribe
subscript
subscripting
subscription
subscripts
subsequent
subsequently
subset
subsets
subsidiary
subsidised
substances
substantial
substantially
substantiates
substantive
substitute
substituted
substituting
substitution
substrate
subsumed
subsystems
subtle
subtleties
subtract
subtracted
subtracting
subtraction
subtractions
subversive
succeed
succeeded
succeeding
succeeds
success
successful
successfully
succession
successive
successively
successor
successors
successsive
succinct
succinctly
such
sudden
suddenly
suffer
suffered
sufferer
sufferers
suffering
sufferings
suffers
suffice
suffices
sufficiency
sufficient
sufficiently
suffix
suffixes
sugar
sugared
suggest
suggested
suggesting
suggestion
suggestions
suggestive
suggests
suicide
suit
suitability
suitable
suitably
suite
suited
suites
suits
sum
summaries
summarise
summarised
summarises
summarising
summarize
summarized
summarizes
summary
summation
summed
summer
summing
sums
sun
sunday
sundry
sunshine
super
superbly
supercede
superceded
superficial
superficially
superfluous
superhuman
superior
superiority
superscript
superscripts
superseded
superset
superstitions
superstitious
supervise
supervised
supervises
supervising
supervision
supervisor
supervisors
supervisory
supplanted
supplement
supplementary
supplemented
supplied
supplier
suppliers
supplies
supply
supplying
support
supported
supporting
supportive
supports
suppose
supposed
supposedly
supposing
supposition
suppress
suppressed
suprising
suprisingly
sure
surely
surface
surname
surnames
surprise
surprised
surprising
surprisingly
surreptitiously
surround
surrounded
surrounding
surrounds
survey
surveyed
surveyors
surveys
survival
survive
susceptibility
susceptible
suspect
suspected
suspects
suspend
suspended
suspending
suspends
suspension
suspicion
sustained
swab
swamped
swap
swappable
swapped
swapper
swapping
swaps
sweden
swedes
swedish
sweeping
sweet
swept
swiftly
swim
switch
switchable
switchboard
switched
switches
switching
swoop
swords
syllabic
syllabus
symbiont
symbol
symbolic
symbolically
symbolisation
symbolising
symbolism
symbolisms
symbols
symmetric
symmetrical
symmetrically
symmetry
sympathisers
symposium
symptom
symptoms
synchronisation
synchronise
synchronised
synchronises
synchronization
synchronize
synchronous
syndicate
syndrome
synonym
synopsis
syntactic
syntactical
syntactically
syntax
syntaxes
synthesis
synthesiser
synthesize
synthesized
synthesizer
synthesizers
synthetic
synthetically
syphilis
system
systematic
systematically
systems
sytactic
t
tab
tabernacle
table
tables
tablet
tabling
tabs
tabular
tabulate
tabulated
tabulates
tabulation
tabulations
tabulator
tacit
tack
tackle
tackled
tackles
tackling
tactical
tactics
tag
tagged
tagging
tags
tail
tailored
tails
take
taken
takes
taking
talk
talked
talker
talkers
talking
talks
tall
tamper
tampered
tampering
tangle
tape
tapering
tapes
tapped
tapper
tapping
taps
target
targets
task
tasks
taste
tastes
taught
tax
taxed
taxes
taxpayers
taylor
tayloring
teach
teacher
teachers
teaches
teaching
teachings
team
teams
tears
technical
technically
technician
technicians
technique
techniques
technological
technologically
technologies
technologist
technologists
technology
tedious
tediously
teeth
telecommunication
telecommunications
telephone
telephoned
telephones
telephoning
telephony
teletype
teletypes
television
tell
tellers
telling
tells
temerity
temp
temperate
temperature
template
templates
temple
temporal
temporarily
temporary
tempt
temptation
tempted
tempting
ten
tenancy
tend
tended
tendencies
tendency
tender
tends
tenor
tens
tense
tentative
tentatively
term
termed
terminal
terminals
terminate
terminated
terminates
terminating
termination
terminations
terminator
terminators
terminologies
terminology
terms
ternary
terrace
terrorism
terrors
test
testable
tested
testimony
testing
tests
texas
text
textbook
texts
textual
textually
than
thank
thankfully
thanks
that
that's
the
theatre
theatrical
their
them
theme
themes
themselves
then
thence
theorem
theorems
theoretical
theoretically
theories
theory
therapeutic
therapy
there
thereabouts
thereafter
thereby
therefore
therein
thereof
thereupon
therfore
thesaurus
these
theses
thesis
they
they're
thick
thickened
thickness
thin
thing
things
think
thinking
thinks
thinly
third
thirdly
thirds
thirteen
thirtieth
thirty
this
thorough
thoroughly
those
thou
though
thought
thoughtful
thoughtlessness
thoughts
thousand
thousandth
thread
threaded
threads
threat
threatened
threatening
threats
three
threesome
threshold
thresholds
throes
through
throughout
throughput
throw
throwing
thrown
throws
thumb
thursday
thus
tick
ticket
ticks
tidemark
tidier
tidy
tidying
tie
tied
tiered
tight
tighten
tilt
time
timed
timely
times
timescale
timescales
timeshared
timesharing
timetabled
timetabling
timing
timings
tinkering
tinkle
tiny
tip
tips
tired
title
titles
to
tobacco
today
toes
together
toggled
token
tokens
told
tolerable
tolerance
tolerances
tolerant
tolerate
tolerated
toll
tolls
tomato
tomatoes
tomorrow
tone
tones
tonight
too
took
tool
tools
tooth
top
topic
topical
topics
topmost
topologies
topology
tops
torment
torrent
total
totalitarian
totalitarianism
totally
totals
touch
touched
touches
tough
tour
tourist
toward
towards
tower
towers
toy
trace
traced
traces
tracing
tracings
track
tracker
tracking
tracks
tractable
trade
traded
tradeoff
tradition
traditional
traditionally
traffic
trail
trailing
train
trained
trainee
trainees
training
trait
traits
tranformed
transaction
transactions
transceiver
transcends
transcribe
transcribed
transcriber
transcribers
transcribes
transcribing
transcription
transducer
transfer
transferable
transfered
transferred
transferring
transfers
transfinite
transform
transformation
transformations
transformed
transformer
transforming
transforms
transgress
transistor
transistors
transit
transition
transitional
transitions
transitive
transitory
translate
translated
translates
translating
translation
translations
translator
translators
transliterate
transliteration
transmission
transmissions
transmit
transmits
transmitted
transmitter
transmitting
transmuting
transparency
transparent
transparently
transport
transportable
transportation
transported
transporting
transposed
transposition
trap
trapped
trapping
traps
trauma
travel
traveled
travelers
traveling
travelled
travelogue
traverse
traversed
traverses
traversing
tray
trays
treacle
treasure
treasures
treasury
treat
treated
treating
treatment
treats
tree
tree-structured
trees
tremendous
trend
trends
trespass
trial
trials
triangle
triangles
triangular
trick
trickeries
trickery
tricks
tricky
tried
tries
trigger
triggered
triggering
triggers
trip
triple
triples
tripos
trivial
trivially
trouble
troubles
troublesome
truant
truck
true
truly
truncated
trunks
trust
trustworthiness
truth
truths
try
trying
tube
tuesday
tuition
tune
tuned
tuner
tuners
tuning
tunnel
turn
turnaround
turned
turning
turnover
turns
tutor
tutored
tutorial
tutorials
tutors
twelve
twentieth
twenty
twice
twig
twin
twisted
two
type
typed
typeless
types
typescript
typesetters
typewriter
typewriters
typewritten
typical
typically
typified
typing
typist
typists
tyranny
tyrant
tyrants
u
ubiquitous
uk
ulterior
ultimate
ultimately
unable
unacceptable
unacceptably
unacknowledged
unadorned
unaesthetic
unaffected
unalterable
unaltered
unambiguous
unambiguously
unannounced
unary
unassigned
unattainable
unauthorised
unauthorized
unavailable
unavoidable
unavoidably
unaware
unbalanced
unbounded
unbroken
unbuffered
unbundled
uncertain
uncertainty
unchanged
uncharacteristic
uncheckable
unchecked
unclean
unclear
unclosed
uncomfortably
uncommon
uncommonly
unconditional
unconnected
unconscious
uncontrolled
uncooperative
uncorrected
uncover
uncovered
uncovering
unctuous
undated
undecidable
undeclared
undefinable
undefined
undeformed
undeniable
undeniably
under
underflow
undergo
undergoes
undergoing
undergraduate
undergraduates
underhand
underline
underlined
underlines
underlining
underlying
underneath
understand
understandability
understandable
understanding
understands
understood
undertake
undertaken
undertaking
undertook
undesirable
undesired
undetected
undifferentiated
undistractedly
undivided
undocumented
undoes
undoubted
undoubtedly
undue
unduly
unearthing
uneasy
uneconomic
unemployable
unemployed
unequal
unethically
unevaluated
unexpected
unexpectedly
unexplained
unexplored
unfair
unfamiliar
unfavourable
unfinished
unfolds
unformatted
unfortunate
unfortunately
unfortunates
unfounded
unfriendly
unhelpful
unified
uniform
uniformity
uniformly
unifying
unimpeachable
unimportance
unimportant
uninitialised
unintended
unintentional
unintentionally
uninterruptable
union
unions
unique
uniquely
uniqueness
unit
united
units
unity
universal
universally
universe
universities
university
unix
unjustly
unknowingly
unknown
unlabelled
unless
unlike
unlikely
unlimited
unlink
unlinked
unlock
unmark
unmarked
unmodified
unmount
unnatural
unnecessarily
unnecessary
unobtainable
unofficial
unoptimised
unorthodox
unpaged
unpleasant
unpopular
unpredictable
unpredictably
unpretentious
unpriveleged
unprotected
unpublished
unqualified
unravel
unravelled
unravelling
unreachable
unread
unrealised
unrealistic
unrealistically
unreasonable
unreasonably
unrecognisable
unrefined
unrelated
unreliability
unreliable
unremarkable
unresponsive
unrestricted
unrevised
unsatisfactory
unsatisfied
unscheduled
unseen
unserviced
unsigned
unskilled
unsolved
unsophisticated
unspeakable
unspecified
unspoken
unstable
unstacked
unstacks
unstructured
unstuck
unsuccessful
unsuitable
unsuited
unsupported
unsuspended
untenable
untidy
until
untouched
untoward
untrained
untried
untrue
untyped
unusable
unused
unusual
unusually
unwanted
unwarranted
unwelcome
unwieldy
unwilling
unwinding
unwise
unwitting
unwittingly
unworkable
unwound
unwritten
up
update
updated
updates
updating
upgrade
upgraded
upgrades
upheld
upon
upper
upside
upstroke
uptake
upward
upwards
urban
urgency
urgent
us
usable
usage
usages
use
used
useful
usefully
usefulness
useless
uselessness
user
users
uses
using
usual
usually
utilisation
utilise
utilised
utilising
utilities
utility
utilization
utilize
utilized
utilizes
utilizing
utopia
utter
v
vacant
vacation
vacations
vacuously
vagaries
vagina
vague
vaguely
vain
valiant
valid
validate
validated
validating
validation
validity
validly
valley
valuable
value
valued
values
valuing
van
vanish
vanished
variability
variable
variables
variablity
variance
variances
variant
variants
variation
variations
varied
varies
varieties
variety
various
variously
vary
varying
vast
vastly
vax
vdu
vector
vectors
vegetables
vehemently
vehicle
vehicles
velocity
venerable
venture
verbal
verbally
verbatim
verbose
verbosity
verdict
verifiably
verification
verified
verifier
verifiers
verifies
verify
verifying
versed
version
versions
versus
vertical
vertically
very
vessels
veteran
vetting
via
viability
viable
vice
victorian
victory
video
vienna
view
viewed
viewer
viewing
viewpoint
viewpoints
views
vigorously
village
vinegar
violation
violations
violator
violence
violent
violet
virgin
virtual
virtually
virtue
virulent
vis
visible
visibly
vision
visions
visit
visited
visiting
visitor
visitors
visits
visual
visualise
visually
vital
vitally
vitriolic
vocabulary
vocational
voice
void
voids
volatile
volt
voltage
voltages
volts
volume
volumes
voluminous
voluntarily
voluntary
volunteers
voracity
vulnerable
w
wages
wait
waited
waiter
waiting
waits
wake
wakeful
waking
walk
walked
walker
walking
walks
wall
walls
want
wanted
wanting
wants
war
warden
warn
warned
warning
warnings
warrant
warranted
warrants
warranty
was
washed
washing
wasn't
wastage
waste
wasted
wasteful
wastes
wasting
watch
watched
water
waveform
wavelength
way
ways
we
weak
weakened
weaker
weakest
weakness
weaknesses
wear
weather
weave
wedding
wedge
wednesday
weds
week
weekday
weekdays
weekend
weekly
weeks
weighed
weighing
weight
weighted
weighting
weights
welcome
welcomed
welcomes
welfare
well
wend
went
were
west
western
wet
what
what's
whatever
whatsoever
wheel
wheels
when
whence
whenever
where
whereas
whereby
wherein
wherever
whether
which
whichever
while
whilst
white
whizz
who
whoever
whole
wholly
whom
whores
whose
why
wide
widely
wider
widespread
widest
width
wife
wild
wildly
will
willed
willfully
willing
willingly
willingness
win
wind
winded
window
windowed
windowing
windows
wings
wipe
wire
wired
wires
wiring
wisdom
wise
wiser
wish
wished
wishes
wishful
wishing
witchcraft
with
withdraw
withdrawal
withdrawals
within
without
withstand
witness
witnessed
witnesses
witted
woken
woman
womb
wombs
women
won
won't
wonder
word
wording
words
work
workable
worked
worker
workers
workforce
working
workings
workload
workmanlike
workplace
works
workshop
workshops
workspace
workstations
world
worlds
worn
worries
worry
worse
worst
worth
worthless
worthwhile
worthy
would
wouldn't
wrapping
wrist
write
writer
writers
writes
writing
writings
written
wrong
wrongly
wrote
x
xenon
xenophobe
xygote
xylophone
y
yards
yawns
year
yearly
years
yellow
yes
yesterday
yet
yield
yielded
yielding
yields
yogi
you
you'd
you'll
you're
you've
young
younger
youngest
your
yours
yourself
z
zax
zero
zeros
zilog
zodiacal
zone
zones
zymotic
